-- The C compiler identification is GNU 13.3.0
-- The CXX compiler identification is GNU 13.3.0
-- Detecting C compiler ABI info
-- Detecting C compiler ABI info - done
-- Check for working C compiler: /usr/bin/cc - skipped
-- Detecting C compile features
-- Detecting C compile features - done
-- Detecting CXX compiler ABI info
-- Detecting CXX compiler ABI info - done
-- Check for working CXX compiler: /usr/bin/c++ - skipped
-- Detecting CXX compile features
-- Detecting CXX compile features - done
-- Found ament_cmake: 2.5.4 (/opt/ros/jazzy/share/ament_cmake/cmake)
-- Found Python3: /usr/bin/python3 (found version "3.12.3") found components: Interpreter 
-- Override CMake install command with custom implementation using symlinks instead of copying resources
-- Found hardware_interface: 4.39.2 (/opt/ros/jazzy/share/hardware_interface/cmake)
-- Found rosidl_generator_c: 4.6.6 (/opt/ros/jazzy/share/rosidl_generator_c/cmake)
-- Found rosidl_generator_cpp: 4.6.6 (/opt/ros/jazzy/share/rosidl_generator_cpp/cmake)
-- Using all available rosidl_typesupport_c: rosidl_typesupport_fastrtps_c;rosidl_typesupport_introspection_c
-- Using all available rosidl_typesupport_cpp: rosidl_typesupport_fastrtps_cpp;rosidl_typesupport_introspection_cpp
-- Found TinyXML2 via Config file: /usr/lib/x86_64-linux-gnu/cmake/tinyxml2
-- Found rmw_implementation_cmake: 7.3.2 (/opt/ros/jazzy/share/rmw_implementation_cmake/cmake)
-- Found rmw_fastrtps_cpp: 8.4.3 (/opt/ros/jazzy/share/rmw_fastrtps_cpp/cmake)
-- Found TinyXML2 via Config file: /usr/lib/x86_64-linux-gnu/cmake/tinyxml2
-- Found OpenSSL: /usr/lib/x86_64-linux-gnu/libcrypto.so (found version "3.0.13")  
-- Found TinyXML2 via Config file: /usr/lib/x86_64-linux-gnu/cmake/tinyxml2
-- Found FastRTPS: /opt/ros/jazzy/include (Required is at least version "2.13") 
-- Found TinyXML2 via Config file: /usr/lib/x86_64-linux-gnu/cmake/tinyxml2
-- Found TinyXML2 via Config file: /usr/lib/x86_64-linux-gnu/cmake/tinyxml2
-- Using RMW implementation 'rmw_fastrtps_cpp' as default
-- Found dynamixel_sdk: 3.8.4 (/home/thkim0508/ros2_ws/install/dynamixel_sdk/share/dynamixel_sdk/cmake)
-- Found std_srvs: 5.3.6 (/opt/ros/jazzy/share/std_srvs/cmake)
-- Found dynamixel_interfaces: 1.0.1 (/home/thkim0508/ros2_ws/install/dynamixel_interfaces/share/dynamixel_interfaces/cmake)
-- Found ament_lint_auto: 0.17.3 (/opt/ros/jazzy/share/ament_lint_auto/cmake)
-- Added test 'copyright' to check source files copyright and LICENSE
-- Added test 'cppcheck' to perform static code analysis on C / C++ code
-- Configured cppcheck include dirs: $<BUILD_INTERFACE:/home/thkim0508/ros2_ws/src/dynamixel_hardware_interface/include>
-- Configured cppcheck exclude dirs and/or files: 
-- Added test 'cpplint' to check C / C++ code against the Google style
-- Configured cpplint exclude dirs and/or files: 
-- Added test 'flake8' to check Python code syntax and style conventions
-- Configured 'flake8' exclude dirs and/or files: 
-- Added test 'lint_cmake' to check CMake code style
-- Added test 'pep257' to check Python code against some of the docstring style conventions in PEP 257
-- Added test 'uncrustify' to check C / C++ code style
-- Configured uncrustify additional arguments: 
-- Added test 'xmllint' to check XML markup files
-- Configuring done (10.4s)
-- Generating done (0.0s)
-- Build files have been written to: /home/thkim0508/ros2_ws/build/dynamixel_hardware_interface
[ 50%] [32mBuilding CXX object CMakeFiles/dynamixel_hardware_interface.dir/src/dynamixel_hardware_interface.cpp.o[0m
[ 50%] [32mBuilding CXX object CMakeFiles/dynamixel_hardware_interface.dir/src/dynamixel/dynamixel_info.cpp.o[0m
[ 75%] [32mBuilding CXX object CMakeFiles/dynamixel_hardware_interface.dir/src/dynamixel/dynamixel.cpp.o[0m
[100%] [32m[1mLinking CXX shared library libdynamixel_hardware_interface.so[0m
[100%] Built target dynamixel_hardware_interface
-- Install configuration: "Release"
-- Execute custom install script
-- Symlinking: /home/thkim0508/ros2_ws/install/dynamixel_hardware_interface/share/dynamixel_hardware_interface//dynamixel_hardware_interface_plugin.xml
-- Symlinking: /home/thkim0508/ros2_ws/install/dynamixel_hardware_interface/include/dynamixel_hardware_interface/dynamixel/dynamixel.hpp
-- Symlinking: /home/thkim0508/ros2_ws/install/dynamixel_hardware_interface/include/dynamixel_hardware_interface/dynamixel/dynamixel_info.hpp
-- Symlinking: /home/thkim0508/ros2_ws/install/dynamixel_hardware_interface/include/dynamixel_hardware_interface/dynamixel_hardware_interface.hpp
-- Symlinking: /home/thkim0508/ros2_ws/install/dynamixel_hardware_interface/include/dynamixel_hardware_interface/visibility_control.h
-- Symlinking: /home/thkim0508/ros2_ws/install/dynamixel_hardware_interface/lib/dynamixel_hardware_interface//create_udev_rules
-- Symlinking: /home/thkim0508/ros2_ws/install/dynamixel_hardware_interface/share/dynamixel_hardware_interface//scripts/99-manipulator-cdc.rules
-- Symlinking: /home/thkim0508/ros2_ws/install/dynamixel_hardware_interface/share/dynamixel_hardware_interface//scripts/check_model_file_formatting.py
-- Symlinking: /home/thkim0508/ros2_ws/install/dynamixel_hardware_interface/share/dynamixel_hardware_interface//scripts/cluster_model_files.py
-- Symlinking: /home/thkim0508/ros2_ws/install/dynamixel_hardware_interface/share/dynamixel_hardware_interface//scripts/create_udev_rules
-- Symlinking: /home/thkim0508/ros2_ws/install/dynamixel_hardware_interface/share/dynamixel_hardware_interface//scripts/hx_synctable_model_generator.py
-- Symlinking: /home/thkim0508/ros2_ws/install/dynamixel_hardware_interface/share/dynamixel_hardware_interface//scripts/xml_to_model_parser.py
-- Symlinking: /home/thkim0508/ros2_ws/install/dynamixel_hardware_interface/share/dynamixel_hardware_interface/param/dxl_model/2xc430_w250.model
-- Symlinking: /home/thkim0508/ros2_ws/install/dynamixel_hardware_interface/share/dynamixel_hardware_interface/param/dxl_model/2xl430_w250.model
-- Symlinking: /home/thkim0508/ros2_ws/install/dynamixel_hardware_interface/share/dynamixel_hardware_interface/param/dxl_model/dynamixel.model
-- Symlinking: /home/thkim0508/ros2_ws/install/dynamixel_hardware_interface/share/dynamixel_hardware_interface/param/dxl_model/ffw_g10_led.model
-- Symlinking: /home/thkim0508/ros2_ws/install/dynamixel_hardware_interface/share/dynamixel_hardware_interface/param/dxl_model/ffw_g10_rcu.model
-- Symlinking: /home/thkim0508/ros2_ws/install/dynamixel_hardware_interface/share/dynamixel_hardware_interface/param/dxl_model/ffw_g40_imu.model
-- Symlinking: /home/thkim0508/ros2_ws/install/dynamixel_hardware_interface/share/dynamixel_hardware_interface/param/dxl_model/ffw_sg2_drive_1.model
-- Symlinking: /home/thkim0508/ros2_ws/install/dynamixel_hardware_interface/share/dynamixel_hardware_interface/param/dxl_model/ffw_sg2_drive_2.model
-- Symlinking: /home/thkim0508/ros2_ws/install/dynamixel_hardware_interface/share/dynamixel_hardware_interface/param/dxl_model/ffw_sg2_drive_3.model
-- Symlinking: /home/thkim0508/ros2_ws/install/dynamixel_hardware_interface/share/dynamixel_hardware_interface/param/dxl_model/ffw_sg2_steer_1.model
-- Symlinking: /home/thkim0508/ros2_ws/install/dynamixel_hardware_interface/share/dynamixel_hardware_interface/param/dxl_model/ffw_sg2_steer_2.model
-- Symlinking: /home/thkim0508/ros2_ws/install/dynamixel_hardware_interface/share/dynamixel_hardware_interface/param/dxl_model/ffw_sg2_steer_3.model
-- Symlinking: /home/thkim0508/ros2_ws/install/dynamixel_hardware_interface/share/dynamixel_hardware_interface/param/dxl_model/h42_20_s300_ra.model
-- Symlinking: /home/thkim0508/ros2_ws/install/dynamixel_hardware_interface/share/dynamixel_hardware_interface/param/dxl_model/h54_100_s500_ra.model
-- Symlinking: /home/thkim0508/ros2_ws/install/dynamixel_hardware_interface/share/dynamixel_hardware_interface/param/dxl_model/h54_200_s500_ra.model
-- Symlinking: /home/thkim0508/ros2_ws/install/dynamixel_hardware_interface/share/dynamixel_hardware_interface/param/dxl_model/hx5_d20_r_synctable_1_device_1.model
-- Symlinking: /home/thkim0508/ros2_ws/install/dynamixel_hardware_interface/share/dynamixel_hardware_interface/param/dxl_model/hx5_d20_r_synctable_1_device_2.model
-- Symlinking: /home/thkim0508/ros2_ws/install/dynamixel_hardware_interface/share/dynamixel_hardware_interface/param/dxl_model/hx5_d20_r_synctable_1_device_3.model
-- Symlinking: /home/thkim0508/ros2_ws/install/dynamixel_hardware_interface/share/dynamixel_hardware_interface/param/dxl_model/hx5_d20_r_synctable_1_device_4.model
-- Symlinking: /home/thkim0508/ros2_ws/install/dynamixel_hardware_interface/share/dynamixel_hardware_interface/param/dxl_model/hx5_d20_r_synctable_1_device_5.model
-- Symlinking: /home/thkim0508/ros2_ws/install/dynamixel_hardware_interface/share/dynamixel_hardware_interface/param/dxl_model/hx5_d20_r_synctable_2_device_1.model
-- Symlinking: /home/thkim0508/ros2_ws/install/dynamixel_hardware_interface/share/dynamixel_hardware_interface/param/dxl_model/hx5_d20_r_synctable_2_device_2.model
-- Symlinking: /home/thkim0508/ros2_ws/install/dynamixel_hardware_interface/share/dynamixel_hardware_interface/param/dxl_model/hx5_d20_r_synctable_2_device_3.model
-- Symlinking: /home/thkim0508/ros2_ws/install/dynamixel_hardware_interface/share/dynamixel_hardware_interface/param/dxl_model/hx5_d20_r_synctable_2_device_4.model
-- Symlinking: /home/thkim0508/ros2_ws/install/dynamixel_hardware_interface/share/dynamixel_hardware_interface/param/dxl_model/hx5_d20_r_synctable_2_device_5.model
-- Symlinking: /home/thkim0508/ros2_ws/install/dynamixel_hardware_interface/share/dynamixel_hardware_interface/param/dxl_model/hx5_d20_r_synctable_3_device_1.model
-- Symlinking: /home/thkim0508/ros2_ws/install/dynamixel_hardware_interface/share/dynamixel_hardware_interface/param/dxl_model/hx5_d20_r_synctable_3_device_2.model
-- Symlinking: /home/thkim0508/ros2_ws/install/dynamixel_hardware_interface/share/dynamixel_hardware_interface/param/dxl_model/hx5_d20_r_synctable_3_device_3.model
-- Symlinking: /home/thkim0508/ros2_ws/install/dynamixel_hardware_interface/share/dynamixel_hardware_interface/param/dxl_model/hx5_d20_r_synctable_3_device_4.model
-- Symlinking: /home/thkim0508/ros2_ws/install/dynamixel_hardware_interface/share/dynamixel_hardware_interface/param/dxl_model/hx5_d20_r_synctable_3_device_5.model
-- Symlinking: /home/thkim0508/ros2_ws/install/dynamixel_hardware_interface/share/dynamixel_hardware_interface/param/dxl_model/hx5_d20_r_synctable_4_device_1.model
-- Symlinking: /home/thkim0508/ros2_ws/install/dynamixel_hardware_interface/share/dynamixel_hardware_interface/param/dxl_model/hx5_d20_r_synctable_4_device_2.model
-- Symlinking: /home/thkim0508/ros2_ws/install/dynamixel_hardware_interface/share/dynamixel_hardware_interface/param/dxl_model/hx5_d20_r_synctable_4_device_3.model
-- Symlinking: /home/thkim0508/ros2_ws/install/dynamixel_hardware_interface/share/dynamixel_hardware_interface/param/dxl_model/hx5_d20_r_synctable_4_device_4.model
-- Symlinking: /home/thkim0508/ros2_ws/install/dynamixel_hardware_interface/share/dynamixel_hardware_interface/param/dxl_model/hx5_d20_r_synctable_4_device_5.model
-- Symlinking: /home/thkim0508/ros2_ws/install/dynamixel_hardware_interface/share/dynamixel_hardware_interface/param/dxl_model/hx5_d20_r_synctable_5_device_1.model
-- Symlinking: /home/thkim0508/ros2_ws/install/dynamixel_hardware_interface/share/dynamixel_hardware_interface/param/dxl_model/hx5_d20_r_synctable_5_device_2.model
-- Symlinking: /home/thkim0508/ros2_ws/install/dynamixel_hardware_interface/share/dynamixel_hardware_interface/param/dxl_model/hx5_d20_r_synctable_5_device_3.model
-- Symlinking: /home/thkim0508/ros2_ws/install/dynamixel_hardware_interface/share/dynamixel_hardware_interface/param/dxl_model/hx5_d20_r_synctable_5_device_4.model
-- Symlinking: /home/thkim0508/ros2_ws/install/dynamixel_hardware_interface/share/dynamixel_hardware_interface/param/dxl_model/hx5_d20_r_synctable_5_device_5.model
-- Symlinking: /home/thkim0508/ros2_ws/install/dynamixel_hardware_interface/share/dynamixel_hardware_interface/param/dxl_model/hx5_d20_rl.model
-- Symlinking: /home/thkim0508/ros2_ws/install/dynamixel_hardware_interface/share/dynamixel_hardware_interface/param/dxl_model/hx5_d20_rr.model
-- Symlinking: /home/thkim0508/ros2_ws/install/dynamixel_hardware_interface/share/dynamixel_hardware_interface/param/dxl_model/m42_10_s260_ra.model
-- Symlinking: /home/thkim0508/ros2_ws/install/dynamixel_hardware_interface/share/dynamixel_hardware_interface/param/dxl_model/m54_40_s250_ra.model
-- Symlinking: /home/thkim0508/ros2_ws/install/dynamixel_hardware_interface/share/dynamixel_hardware_interface/param/dxl_model/m54_60_s250_ra.model
-- Symlinking: /home/thkim0508/ros2_ws/install/dynamixel_hardware_interface/share/dynamixel_hardware_interface/param/dxl_model/mx_106.model
-- Symlinking: /home/thkim0508/ros2_ws/install/dynamixel_hardware_interface/share/dynamixel_hardware_interface/param/dxl_model/mx_28.model
-- Symlinking: /home/thkim0508/ros2_ws/install/dynamixel_hardware_interface/share/dynamixel_hardware_interface/param/dxl_model/mx_64.model
-- Symlinking: /home/thkim0508/ros2_ws/install/dynamixel_hardware_interface/share/dynamixel_hardware_interface/param/dxl_model/omy_end.model
-- Symlinking: /home/thkim0508/ros2_ws/install/dynamixel_hardware_interface/share/dynamixel_hardware_interface/param/dxl_model/omy_end_rh_p12_rn.model
-- Symlinking: /home/thkim0508/ros2_ws/install/dynamixel_hardware_interface/share/dynamixel_hardware_interface/param/dxl_model/omy_hat.model
-- Symlinking: /home/thkim0508/ros2_ws/install/dynamixel_hardware_interface/share/dynamixel_hardware_interface/param/dxl_model/ph42_020_s300.model
-- Symlinking: /home/thkim0508/ros2_ws/install/dynamixel_hardware_interface/share/dynamixel_hardware_interface/param/dxl_model/ph54_100_s500.model
-- Symlinking: /home/thkim0508/ros2_ws/install/dynamixel_hardware_interface/share/dynamixel_hardware_interface/param/dxl_model/ph54_200_s500.model
-- Symlinking: /home/thkim0508/ros2_ws/install/dynamixel_hardware_interface/share/dynamixel_hardware_interface/param/dxl_model/pm42_010_s260.model
-- Symlinking: /home/thkim0508/ros2_ws/install/dynamixel_hardware_interface/share/dynamixel_hardware_interface/param/dxl_model/pm54_040_s250.model
-- Symlinking: /home/thkim0508/ros2_ws/install/dynamixel_hardware_interface/share/dynamixel_hardware_interface/param/dxl_model/pm54_060_s250.model
-- Symlinking: /home/thkim0508/ros2_ws/install/dynamixel_hardware_interface/share/dynamixel_hardware_interface/param/dxl_model/rh_p12_rn.model
-- Symlinking: /home/thkim0508/ros2_ws/install/dynamixel_hardware_interface/share/dynamixel_hardware_interface/param/dxl_model/sensorxel_joy.model
-- Symlinking: /home/thkim0508/ros2_ws/install/dynamixel_hardware_interface/share/dynamixel_hardware_interface/param/dxl_model/xc330_m181.model
-- Symlinking: /home/thkim0508/ros2_ws/install/dynamixel_hardware_interface/share/dynamixel_hardware_interface/param/dxl_model/xc330_m181_fw52.model
-- Symlinking: /home/thkim0508/ros2_ws/install/dynamixel_hardware_interface/share/dynamixel_hardware_interface/param/dxl_model/xc330_m288.model
-- Symlinking: /home/thkim0508/ros2_ws/install/dynamixel_hardware_interface/share/dynamixel_hardware_interface/param/dxl_model/xc330_m288_fw52.model
-- Symlinking: /home/thkim0508/ros2_ws/install/dynamixel_hardware_interface/share/dynamixel_hardware_interface/param/dxl_model/xc330_t181.model
-- Symlinking: /home/thkim0508/ros2_ws/install/dynamixel_hardware_interface/share/dynamixel_hardware_interface/param/dxl_model/xc330_t181_fw52.model
-- Symlinking: /home/thkim0508/ros2_ws/install/dynamixel_hardware_interface/share/dynamixel_hardware_interface/param/dxl_model/xc330_t288.model
-- Symlinking: /home/thkim0508/ros2_ws/install/dynamixel_hardware_interface/share/dynamixel_hardware_interface/param/dxl_model/xc330_t288_fw52.model
-- Symlinking: /home/thkim0508/ros2_ws/install/dynamixel_hardware_interface/share/dynamixel_hardware_interface/param/dxl_model/xc335_t332.model
-- Symlinking: /home/thkim0508/ros2_ws/install/dynamixel_hardware_interface/share/dynamixel_hardware_interface/param/dxl_model/xc430_w150.model
-- Symlinking: /home/thkim0508/ros2_ws/install/dynamixel_hardware_interface/share/dynamixel_hardware_interface/param/dxl_model/xc430_w240.model
-- Symlinking: /home/thkim0508/ros2_ws/install/dynamixel_hardware_interface/share/dynamixel_hardware_interface/param/dxl_model/xd430_t210.model
-- Symlinking: /home/thkim0508/ros2_ws/install/dynamixel_hardware_interface/share/dynamixel_hardware_interface/param/dxl_model/xd430_t350.model
-- Symlinking: /home/thkim0508/ros2_ws/install/dynamixel_hardware_interface/share/dynamixel_hardware_interface/param/dxl_model/xd540_t150.model
-- Symlinking: /home/thkim0508/ros2_ws/install/dynamixel_hardware_interface/share/dynamixel_hardware_interface/param/dxl_model/xd540_t270.model
-- Symlinking: /home/thkim0508/ros2_ws/install/dynamixel_hardware_interface/share/dynamixel_hardware_interface/param/dxl_model/xh430_v210.model
-- Symlinking: /home/thkim0508/ros2_ws/install/dynamixel_hardware_interface/share/dynamixel_hardware_interface/param/dxl_model/xh430_v350.model
-- Symlinking: /home/thkim0508/ros2_ws/install/dynamixel_hardware_interface/share/dynamixel_hardware_interface/param/dxl_model/xh430_w210.model
-- Symlinking: /home/thkim0508/ros2_ws/install/dynamixel_hardware_interface/share/dynamixel_hardware_interface/param/dxl_model/xh430_w350.model
-- Symlinking: /home/thkim0508/ros2_ws/install/dynamixel_hardware_interface/share/dynamixel_hardware_interface/param/dxl_model/xh540_v150.model
-- Symlinking: /home/thkim0508/ros2_ws/install/dynamixel_hardware_interface/share/dynamixel_hardware_interface/param/dxl_model/xh540_v270.model
-- Symlinking: /home/thkim0508/ros2_ws/install/dynamixel_hardware_interface/share/dynamixel_hardware_interface/param/dxl_model/xh540_w150.model
-- Symlinking: /home/thkim0508/ros2_ws/install/dynamixel_hardware_interface/share/dynamixel_hardware_interface/param/dxl_model/xh540_w270.model
-- Symlinking: /home/thkim0508/ros2_ws/install/dynamixel_hardware_interface/share/dynamixel_hardware_interface/param/dxl_model/xl320.model
-- Symlinking: /home/thkim0508/ros2_ws/install/dynamixel_hardware_interface/share/dynamixel_hardware_interface/param/dxl_model/xl330_m077.model
-- Symlinking: /home/thkim0508/ros2_ws/install/dynamixel_hardware_interface/share/dynamixel_hardware_interface/param/dxl_model/xl330_m077_fw52.model
-- Symlinking: /home/thkim0508/ros2_ws/install/dynamixel_hardware_interface/share/dynamixel_hardware_interface/param/dxl_model/xl330_m288.model
-- Symlinking: /home/thkim0508/ros2_ws/install/dynamixel_hardware_interface/share/dynamixel_hardware_interface/param/dxl_model/xl330_m288_fw52.model
-- Symlinking: /home/thkim0508/ros2_ws/install/dynamixel_hardware_interface/share/dynamixel_hardware_interface/param/dxl_model/xl430_w250.model
-- Symlinking: /home/thkim0508/ros2_ws/install/dynamixel_hardware_interface/share/dynamixel_hardware_interface/param/dxl_model/xm430_w210.model
-- Symlinking: /home/thkim0508/ros2_ws/install/dynamixel_hardware_interface/share/dynamixel_hardware_interface/param/dxl_model/xm430_w350.model
-- Symlinking: /home/thkim0508/ros2_ws/install/dynamixel_hardware_interface/share/dynamixel_hardware_interface/param/dxl_model/xm540_w150.model
-- Symlinking: /home/thkim0508/ros2_ws/install/dynamixel_hardware_interface/share/dynamixel_hardware_interface/param/dxl_model/xm540_w270.model
-- Symlinking: /home/thkim0508/ros2_ws/install/dynamixel_hardware_interface/share/dynamixel_hardware_interface/param/dxl_model/xw430_t200.model
-- Symlinking: /home/thkim0508/ros2_ws/install/dynamixel_hardware_interface/share/dynamixel_hardware_interface/param/dxl_model/xw430_t333.model
-- Symlinking: /home/thkim0508/ros2_ws/install/dynamixel_hardware_interface/share/dynamixel_hardware_interface/param/dxl_model/xw540_h260.model
-- Symlinking: /home/thkim0508/ros2_ws/install/dynamixel_hardware_interface/share/dynamixel_hardware_interface/param/dxl_model/xw540_t140.model
-- Symlinking: /home/thkim0508/ros2_ws/install/dynamixel_hardware_interface/share/dynamixel_hardware_interface/param/dxl_model/xw540_t260.model
-- Symlinking: /home/thkim0508/ros2_ws/install/dynamixel_hardware_interface/share/dynamixel_hardware_interface/param/dxl_model/ym070_210_a051.model
-- Symlinking: /home/thkim0508/ros2_ws/install/dynamixel_hardware_interface/share/dynamixel_hardware_interface/param/dxl_model/ym070_210_a099.model
-- Symlinking: /home/thkim0508/ros2_ws/install/dynamixel_hardware_interface/share/dynamixel_hardware_interface/param/dxl_model/ym070_210_b001.model
-- Symlinking: /home/thkim0508/ros2_ws/install/dynamixel_hardware_interface/share/dynamixel_hardware_interface/param/dxl_model/ym070_210_m001.model
-- Symlinking: /home/thkim0508/ros2_ws/install/dynamixel_hardware_interface/share/dynamixel_hardware_interface/param/dxl_model/ym070_210_r051.model
-- Symlinking: /home/thkim0508/ros2_ws/install/dynamixel_hardware_interface/share/dynamixel_hardware_interface/param/dxl_model/ym070_210_r099.model
-- Symlinking: /home/thkim0508/ros2_ws/install/dynamixel_hardware_interface/share/dynamixel_hardware_interface/param/dxl_model/ym080_230_a051.model
-- Symlinking: /home/thkim0508/ros2_ws/install/dynamixel_hardware_interface/share/dynamixel_hardware_interface/param/dxl_model/ym080_230_a099.model
-- Symlinking: /home/thkim0508/ros2_ws/install/dynamixel_hardware_interface/share/dynamixel_hardware_interface/param/dxl_model/ym080_230_b001.model
-- Symlinking: /home/thkim0508/ros2_ws/install/dynamixel_hardware_interface/share/dynamixel_hardware_interface/param/dxl_model/ym080_230_m001.model
-- Symlinking: /home/thkim0508/ros2_ws/install/dynamixel_hardware_interface/share/dynamixel_hardware_interface/param/dxl_model/ym080_230_r051.model
-- Symlinking: /home/thkim0508/ros2_ws/install/dynamixel_hardware_interface/share/dynamixel_hardware_interface/param/dxl_model/ym080_230_r099.model
-- Symlinking: /home/thkim0508/ros2_ws/install/dynamixel_hardware_interface/share/dynamixel_hardware_interface/environment/library_path.sh
-- Symlinking: /home/thkim0508/ros2_ws/install/dynamixel_hardware_interface/share/dynamixel_hardware_interface/environment/library_path.dsv
-- Symlinking: /home/thkim0508/ros2_ws/install/dynamixel_hardware_interface/share/ament_index/resource_index/package_run_dependencies/dynamixel_hardware_interface
-- Symlinking: /home/thkim0508/ros2_ws/install/dynamixel_hardware_interface/share/ament_index/resource_index/parent_prefix_path/dynamixel_hardware_interface
-- Symlinking: /home/thkim0508/ros2_ws/install/dynamixel_hardware_interface/share/dynamixel_hardware_interface/environment/ament_prefix_path.sh
-- Symlinking: /home/thkim0508/ros2_ws/install/dynamixel_hardware_interface/share/dynamixel_hardware_interface/environment/ament_prefix_path.dsv
-- Symlinking: /home/thkim0508/ros2_ws/install/dynamixel_hardware_interface/share/dynamixel_hardware_interface/environment/path.sh
-- Symlinking: /home/thkim0508/ros2_ws/install/dynamixel_hardware_interface/share/dynamixel_hardware_interface/environment/path.dsv
-- Symlinking: /home/thkim0508/ros2_ws/install/dynamixel_hardware_interface/share/dynamixel_hardware_interface/local_setup.bash
-- Symlinking: /home/thkim0508/ros2_ws/install/dynamixel_hardware_interface/share/dynamixel_hardware_interface/local_setup.sh
-- Symlinking: /home/thkim0508/ros2_ws/install/dynamixel_hardware_interface/share/dynamixel_hardware_interface/local_setup.zsh
-- Symlinking: /home/thkim0508/ros2_ws/install/dynamixel_hardware_interface/share/dynamixel_hardware_interface/local_setup.dsv
-- Symlinking: /home/thkim0508/ros2_ws/install/dynamixel_hardware_interface/share/dynamixel_hardware_interface/package.dsv
-- Symlinking: /home/thkim0508/ros2_ws/install/dynamixel_hardware_interface/share/ament_index/resource_index/packages/dynamixel_hardware_interface
-- Symlinking: /home/thkim0508/ros2_ws/install/dynamixel_hardware_interface/share/ament_index/resource_index/hardware_interface__pluginlib__plugin/dynamixel_hardware_interface
-- Symlinking: /home/thkim0508/ros2_ws/install/dynamixel_hardware_interface/share/dynamixel_hardware_interface/cmake/ament_cmake_export_include_directories-extras.cmake
-- Symlinking: /home/thkim0508/ros2_ws/install/dynamixel_hardware_interface/share/dynamixel_hardware_interface/cmake/ament_cmake_export_libraries-extras.cmake
-- Symlinking: /home/thkim0508/ros2_ws/install/dynamixel_hardware_interface/share/dynamixel_hardware_interface/cmake/ament_cmake_export_targets-extras.cmake
-- Symlinking: /home/thkim0508/ros2_ws/install/dynamixel_hardware_interface/share/dynamixel_hardware_interface/cmake/ament_cmake_export_dependencies-extras.cmake
-- Symlinking: /home/thkim0508/ros2_ws/install/dynamixel_hardware_interface/share/dynamixel_hardware_interface/cmake/dynamixel_hardware_interfaceConfig.cmake
-- Symlinking: /home/thkim0508/ros2_ws/install/dynamixel_hardware_interface/share/dynamixel_hardware_interface/cmake/dynamixel_hardware_interfaceConfig-version.cmake
-- Symlinking: /home/thkim0508/ros2_ws/install/dynamixel_hardware_interface/share/dynamixel_hardware_interface/package.xml
-- Installing: /home/thkim0508/ros2_ws/install/dynamixel_hardware_interface/lib/libdynamixel_hardware_interface.so
-- Set non-toolchain portion of runtime path of "/home/thkim0508/ros2_ws/install/dynamixel_hardware_interface/lib/libdynamixel_hardware_interface.so" to ""
-- Installing: /home/thkim0508/ros2_ws/install/dynamixel_hardware_interface/share/dynamixel_hardware_interface/cmake/export_dynamixel_hardware_interfaceExport.cmake
-- Installing: /home/thkim0508/ros2_ws/install/dynamixel_hardware_interface/share/dynamixel_hardware_interface/cmake/export_dynamixel_hardware_interfaceExport-release.cmake
