[0.052s] Invoking command in '/home/thkim0508/ros2_ws/build/open_manipulator_playground': CMAKE_PREFIX_PATH=${CMAKE_PREFIX_PATH}:/opt/ros/jazzy /usr/bin/cmake /home/thkim0508/ros2_ws/src/open_manipulator/open_manipulator_playground -DCMAKE_BUILD_TYPE=Release -DAMENT_CMAKE_SYMLINK_INSTALL=1 -DCMAKE_INSTALL_PREFIX=/home/thkim0508/ros2_ws/install/open_manipulator_playground
[0.355s] -- The C compiler identification is GNU 13.3.0
[1.580s] -- The CXX compiler identification is GNU 13.3.0
[2.587s] -- Detecting C compiler ABI info
[3.066s] -- Detecting C compiler ABI info - done
[3.073s] -- Check for working C compiler: /usr/bin/cc - skipped
[3.074s] -- Detecting C compile features
[3.074s] -- Detecting C compile features - done
[3.271s] -- Detecting CXX compiler ABI info
[3.830s] -- Detecting CXX compiler ABI info - done
[3.837s] -- Check for working CXX compiler: /usr/bin/c++ - skipped
[3.837s] -- Detecting CXX compile features
[3.837s] -- Detecting CXX compile features - done
[3.841s] -- Found ament_cmake: 2.5.4 (/opt/ros/jazzy/share/ament_cmake/cmake)
[3.976s] -- Found Python3: /usr/bin/python3 (found version "3.12.3") found components: Interpreter 
[4.071s] -- Override CMake install command with custom implementation using symlinks instead of copying resources
[4.122s] -- Found moveit_ros_planning_interface: 2.12.3 (/opt/ros/jazzy/share/moveit_ros_planning_interface/cmake)
[4.634s] -- Found Boost: /usr/lib/x86_64-linux-gnu/cmake/Boost-1.83.0/BoostConfig.cmake (found version "1.83.0") found components: date_time filesystem program_options system thread 
[4.939s] -- Found rosidl_generator_c: 4.6.6 (/opt/ros/jazzy/share/rosidl_generator_c/cmake)
[4.953s] -- Found rosidl_generator_cpp: 4.6.6 (/opt/ros/jazzy/share/rosidl_generator_cpp/cmake)
[4.969s] -- Using all available rosidl_typesupport_c: rosidl_typesupport_fastrtps_c;rosidl_typesupport_introspection_c
[4.986s] -- Using all available rosidl_typesupport_cpp: rosidl_typesupport_fastrtps_cpp;rosidl_typesupport_introspection_cpp
[5.324s] -- Found Boost: /usr/lib/x86_64-linux-gnu/cmake/Boost-1.83.0/BoostConfig.cmake (found version "1.83.0") found components: chrono date_time filesystem iostreams program_options regex serialization system thread 
[7.143s] -- Found parameter_traits: 0.5.0 (/opt/ros/jazzy/share/parameter_traits/cmake)
[7.199s] -- Found rmw_implementation_cmake: 7.3.2 (/opt/ros/jazzy/share/rmw_implementation_cmake/cmake)
[7.203s] -- Found rmw_fastrtps_cpp: 8.4.3 (/opt/ros/jazzy/share/rmw_fastrtps_cpp/cmake)
[7.305s] -- Found OpenSSL: /usr/lib/x86_64-linux-gnu/libcrypto.so (found version "3.0.13")  
[7.662s] -- Found FastRTPS: /opt/ros/jazzy/include (Required is at least version "2.13") 
[7.894s] -- Using RMW implementation 'rmw_fastrtps_cpp' as default
[8.337s] -- Found rclcpp_lifecycle: 28.1.13 (/opt/ros/jazzy/share/rclcpp_lifecycle/cmake)
[8.435s] -- Found Boost: /usr/lib/x86_64-linux-gnu/cmake/Boost-1.83.0/BoostConfig.cmake (found version "1.83.0") found components: filesystem 
[8.676s] -- Found Eigen3: TRUE (found version "3.4.0") 
[8.676s] -- Ensuring Eigen3 include directory is part of orocos-kdl CMake target
[8.934s] -- Found Boost: /usr/lib/x86_64-linux-gnu/cmake/Boost-1.83.0/BoostConfig.cmake (found version "1.83.0") found components: system filesystem date_time program_options thread chrono 
[9.010s] -- Found Boost: /usr/lib/x86_64-linux-gnu/cmake/Boost-1.83.0/BoostConfig.cmake (found version "1.83.0") found components: thread system filesystem regex date_time program_options 
[9.053s] -- Found Boost: /usr/lib/x86_64-linux-gnu/cmake/Boost-1.83.0/BoostConfig.cmake (found version "1.83.0") found components: system filesystem date_time program_options thread 
[9.261s] -- Configuring done (9.2s)
[9.390s] -- Generating done (0.1s)
[9.474s] -- Build files have been written to: /home/thkim0508/ros2_ws/build/open_manipulator_playground
[9.590s] Invoked command in '/home/thkim0508/ros2_ws/build/open_manipulator_playground' returned '0': CMAKE_PREFIX_PATH=${CMAKE_PREFIX_PATH}:/opt/ros/jazzy /usr/bin/cmake /home/thkim0508/ros2_ws/src/open_manipulator/open_manipulator_playground -DCMAKE_BUILD_TYPE=Release -DAMENT_CMAKE_SYMLINK_INSTALL=1 -DCMAKE_INSTALL_PREFIX=/home/thkim0508/ros2_ws/install/open_manipulator_playground
[9.591s] Invoking command in '/home/thkim0508/ros2_ws/build/open_manipulator_playground': CMAKE_PREFIX_PATH=${CMAKE_PREFIX_PATH}:/opt/ros/jazzy /usr/bin/cmake --build /home/thkim0508/ros2_ws/build/open_manipulator_playground -- -j24 -l24
[9.816s] [ 16%] [32mBuilding CXX object CMakeFiles/omy_f3m_hello_moveit.dir/src/omy_f3m_hello_moveit.cpp.o[0m
[9.827s] [ 33%] [32mBuilding CXX object CMakeFiles/open_manipulator_x_hello_moveit.dir/src/open_manipulator_x_hello_moveit.cpp.o[0m
[9.836s] [ 50%] [32mBuilding CXX object CMakeFiles/omy_3m_hello_moveit.dir/src/omy_3m_hello_moveit.cpp.o[0m
[26.110s] [ 66%] [32m[1mLinking CXX executable omy_f3m_hello_moveit[0m
[26.383s] [ 83%] [32m[1mLinking CXX executable omy_3m_hello_moveit[0m
[26.660s] [100%] [32m[1mLinking CXX executable open_manipulator_x_hello_moveit[0m
[27.840s] [100%] Built target omy_f3m_hello_moveit
[27.945s] [100%] Built target omy_3m_hello_moveit
[28.042s] [100%] Built target open_manipulator_x_hello_moveit
[28.065s] Invoked command in '/home/thkim0508/ros2_ws/build/open_manipulator_playground' returned '0': CMAKE_PREFIX_PATH=${CMAKE_PREFIX_PATH}:/opt/ros/jazzy /usr/bin/cmake --build /home/thkim0508/ros2_ws/build/open_manipulator_playground -- -j24 -l24
[28.068s] Invoking command in '/home/thkim0508/ros2_ws/build/open_manipulator_playground': CMAKE_PREFIX_PATH=${CMAKE_PREFIX_PATH}:/opt/ros/jazzy /usr/bin/cmake --install /home/thkim0508/ros2_ws/build/open_manipulator_playground
[28.082s] -- Install configuration: "Release"
[28.083s] -- Execute custom install script
[28.086s] -- Symlinking: /home/thkim0508/ros2_ws/install/open_manipulator_playground/include/open_manipulator_playground/omy_3m_hello_moveit.h
[28.105s] -- Symlinking: /home/thkim0508/ros2_ws/install/open_manipulator_playground/include/open_manipulator_playground/omy_f3m_hello_moveit.h
[28.123s] -- Symlinking: /home/thkim0508/ros2_ws/install/open_manipulator_playground/include/open_manipulator_playground/open_manipulator_x_hello_moveit.h
[28.147s] -- Symlinking: /home/thkim0508/ros2_ws/install/open_manipulator_playground/share/ament_index/resource_index/package_run_dependencies/open_manipulator_playground
[28.175s] -- Symlinking: /home/thkim0508/ros2_ws/install/open_manipulator_playground/share/ament_index/resource_index/parent_prefix_path/open_manipulator_playground
[28.202s] -- Symlinking: /home/thkim0508/ros2_ws/install/open_manipulator_playground/share/open_manipulator_playground/environment/ament_prefix_path.sh
[28.216s] -- Symlinking: /home/thkim0508/ros2_ws/install/open_manipulator_playground/share/open_manipulator_playground/environment/ament_prefix_path.dsv
[28.237s] -- Symlinking: /home/thkim0508/ros2_ws/install/open_manipulator_playground/share/open_manipulator_playground/environment/path.sh
[28.258s] -- Symlinking: /home/thkim0508/ros2_ws/install/open_manipulator_playground/share/open_manipulator_playground/environment/path.dsv
[28.275s] -- Symlinking: /home/thkim0508/ros2_ws/install/open_manipulator_playground/share/open_manipulator_playground/local_setup.bash
[28.294s] -- Symlinking: /home/thkim0508/ros2_ws/install/open_manipulator_playground/share/open_manipulator_playground/local_setup.sh
[28.312s] -- Symlinking: /home/thkim0508/ros2_ws/install/open_manipulator_playground/share/open_manipulator_playground/local_setup.zsh
[28.333s] -- Symlinking: /home/thkim0508/ros2_ws/install/open_manipulator_playground/share/open_manipulator_playground/local_setup.dsv
[28.354s] -- Symlinking: /home/thkim0508/ros2_ws/install/open_manipulator_playground/share/open_manipulator_playground/package.dsv
[28.371s] -- Symlinking: /home/thkim0508/ros2_ws/install/open_manipulator_playground/share/ament_index/resource_index/packages/open_manipulator_playground
[28.391s] -- Symlinking: /home/thkim0508/ros2_ws/install/open_manipulator_playground/share/open_manipulator_playground/cmake/ament_cmake_export_include_directories-extras.cmake
[28.411s] -- Symlinking: /home/thkim0508/ros2_ws/install/open_manipulator_playground/share/open_manipulator_playground/cmake/ament_cmake_export_targets-extras.cmake
[28.431s] -- Symlinking: /home/thkim0508/ros2_ws/install/open_manipulator_playground/share/open_manipulator_playground/cmake/open_manipulator_playgroundConfig.cmake
[28.452s] -- Symlinking: /home/thkim0508/ros2_ws/install/open_manipulator_playground/share/open_manipulator_playground/cmake/open_manipulator_playgroundConfig-version.cmake
[28.475s] -- Symlinking: /home/thkim0508/ros2_ws/install/open_manipulator_playground/share/open_manipulator_playground/package.xml
[28.497s] -- Installing: /home/thkim0508/ros2_ws/install/open_manipulator_playground/lib/open_manipulator_playground/open_manipulator_x_hello_moveit
[28.498s] -- Set non-toolchain portion of runtime path of "/home/thkim0508/ros2_ws/install/open_manipulator_playground/lib/open_manipulator_playground/open_manipulator_x_hello_moveit" to ""
[28.499s] -- Installing: /home/thkim0508/ros2_ws/install/open_manipulator_playground/lib/open_manipulator_playground/omy_f3m_hello_moveit
[28.500s] -- Set non-toolchain portion of runtime path of "/home/thkim0508/ros2_ws/install/open_manipulator_playground/lib/open_manipulator_playground/omy_f3m_hello_moveit" to ""
[28.500s] -- Installing: /home/thkim0508/ros2_ws/install/open_manipulator_playground/lib/open_manipulator_playground/omy_3m_hello_moveit
[28.501s] -- Set non-toolchain portion of runtime path of "/home/thkim0508/ros2_ws/install/open_manipulator_playground/lib/open_manipulator_playground/omy_3m_hello_moveit" to ""
[28.501s] -- Installing: /home/thkim0508/ros2_ws/install/open_manipulator_playground/share/open_manipulator_playground/cmake/export_open_manipulator_playgroundExport.cmake
[28.501s] -- Installing: /home/thkim0508/ros2_ws/install/open_manipulator_playground/share/open_manipulator_playground/cmake/export_open_manipulator_playgroundExport-release.cmake
[28.514s] Invoked command in '/home/thkim0508/ros2_ws/build/open_manipulator_playground' returned '0': CMAKE_PREFIX_PATH=${CMAKE_PREFIX_PATH}:/opt/ros/jazzy /usr/bin/cmake --install /home/thkim0508/ros2_ws/build/open_manipulator_playground
