[0.063s] Invoking command in '/home/thkim0508/ros2_ws/build/dynamixel_sdk': CMAKE_PREFIX_PATH=${CMAKE_PREFIX_PATH}:/opt/ros/jazzy /usr/bin/cmake /home/thkim0508/ros2_ws/src/DynamixelSDK/ros/dynamixel_sdk -DCMAKE_BUILD_TYPE=Release -DAMENT_CMAKE_SYMLINK_INSTALL=1 -DCMAKE_INSTALL_PREFIX=/home/thkim0508/ros2_ws/install/dynamixel_sdk
[0.393s] -- The C compiler identification is GNU 13.3.0
[1.464s] -- The CXX compiler identification is GNU 13.3.0
[2.625s] -- Detecting C compiler ABI info
[2.995s] -- Detecting C compiler ABI info - done
[3.002s] -- Check for working C compiler: /usr/bin/cc - skipped
[3.003s] -- Detecting C compile features
[3.004s] -- Detecting C compile features - done
[3.159s] -- Detecting CXX compiler ABI info
[3.554s] -- Detecting CXX compiler ABI info - done
[3.561s] -- Check for working CXX compiler: /usr/bin/c++ - skipped
[3.562s] -- Detecting CXX compile features
[3.562s] -- Detecting CXX compile features - done
[3.565s] -- Found ament_cmake: 2.5.4 (/opt/ros/jazzy/share/ament_cmake/cmake)
[3.699s] -- Found Python3: /usr/bin/python3 (found version "3.12.3") found components: Interpreter 
[3.769s] -- Override CMake install command with custom implementation using symlinks instead of copying resources
[3.986s] -- Configuring done (3.9s)
[3.999s] -- Generating done (0.0s)
[4.003s] -- Build files have been written to: /home/thkim0508/ros2_ws/build/dynamixel_sdk
[4.011s] Invoked command in '/home/thkim0508/ros2_ws/build/dynamixel_sdk' returned '0': CMAKE_PREFIX_PATH=${CMAKE_PREFIX_PATH}:/opt/ros/jazzy /usr/bin/cmake /home/thkim0508/ros2_ws/src/DynamixelSDK/ros/dynamixel_sdk -DCMAKE_BUILD_TYPE=Release -DAMENT_CMAKE_SYMLINK_INSTALL=1 -DCMAKE_INSTALL_PREFIX=/home/thkim0508/ros2_ws/install/dynamixel_sdk
[4.012s] Invoking command in '/home/thkim0508/ros2_ws/build/dynamixel_sdk': CMAKE_PREFIX_PATH=${CMAKE_PREFIX_PATH}:/opt/ros/jazzy /usr/bin/cmake --build /home/thkim0508/ros2_ws/build/dynamixel_sdk -- -j24 -l24
[4.077s] [ 23%] [32mBuilding CXX object CMakeFiles/dynamixel_sdk.dir/src/dynamixel_sdk/protocol2_packet_handler.cpp.o[0m
[4.077s] [ 23%] [32mBuilding CXX object CMakeFiles/dynamixel_sdk.dir/src/dynamixel_sdk/packet_handler.cpp.o[0m
[4.078s] [ 30%] [32mBuilding CXX object CMakeFiles/dynamixel_sdk.dir/src/dynamixel_sdk/group_sync_write.cpp.o[0m
[4.078s] [ 38%] [32mBuilding CXX object CMakeFiles/dynamixel_sdk.dir/src/dynamixel_sdk/group_sync_read.cpp.o[0m
[4.078s] [ 46%] [32mBuilding CXX object CMakeFiles/dynamixel_sdk.dir/src/dynamixel_sdk/group_bulk_write.cpp.o[0m
[4.078s] [ 53%] [32mBuilding CXX object CMakeFiles/dynamixel_sdk.dir/src/dynamixel_sdk/group_bulk_read.cpp.o[0m
[4.079s] [ 53%] [32mBuilding CXX object CMakeFiles/dynamixel_sdk.dir/src/dynamixel_sdk/protocol1_packet_handler.cpp.o[0m
[4.079s] [ 61%] [32mBuilding CXX object CMakeFiles/dynamixel_sdk.dir/src/dynamixel_sdk/group_handler.cpp.o[0m
[4.080s] [ 76%] [32mBuilding CXX object CMakeFiles/dynamixel_sdk.dir/src/dynamixel_sdk/group_fast_bulk_read.cpp.o[0m
[4.080s] [ 76%] [32mBuilding CXX object CMakeFiles/dynamixel_sdk.dir/src/dynamixel_sdk/group_fast_sync_read.cpp.o[0m
[4.081s] [ 84%] [32mBuilding CXX object CMakeFiles/dynamixel_sdk.dir/src/dynamixel_sdk/port_handler_linux.cpp.o[0m
[4.081s] [ 92%] [32mBuilding CXX object CMakeFiles/dynamixel_sdk.dir/src/dynamixel_sdk/port_handler.cpp.o[0m
[4.094s] [ 92%] Built target ament_cmake_python_symlink_dynamixel_sdk
[4.451s] running egg_info
[4.451s] creating dynamixel_sdk.egg-info
[4.476s] writing dynamixel_sdk.egg-info/PKG-INFO
[4.476s] writing dependency_links to dynamixel_sdk.egg-info/dependency_links.txt
[4.476s] writing top-level names to dynamixel_sdk.egg-info/top_level.txt
[4.477s] writing manifest file 'dynamixel_sdk.egg-info/SOURCES.txt'
[4.554s] reading manifest file 'dynamixel_sdk.egg-info/SOURCES.txt'
[4.554s] writing manifest file 'dynamixel_sdk.egg-info/SOURCES.txt'
[4.601s] [ 92%] Built target ament_cmake_python_build_dynamixel_sdk_egg
[4.748s] [100%] [32m[1mLinking CXX shared library libdynamixel_sdk.so[0m
[5.062s] [100%] Built target dynamixel_sdk
[5.078s] Invoked command in '/home/thkim0508/ros2_ws/build/dynamixel_sdk' returned '0': CMAKE_PREFIX_PATH=${CMAKE_PREFIX_PATH}:/opt/ros/jazzy /usr/bin/cmake --build /home/thkim0508/ros2_ws/build/dynamixel_sdk -- -j24 -l24
[5.079s] Invoking command in '/home/thkim0508/ros2_ws/build/dynamixel_sdk': CMAKE_PREFIX_PATH=${CMAKE_PREFIX_PATH}:/opt/ros/jazzy /usr/bin/cmake --install /home/thkim0508/ros2_ws/build/dynamixel_sdk
[5.091s] -- Install configuration: "Release"
[5.092s] -- Execute custom install script
[5.095s] -- Symlinking: /home/thkim0508/ros2_ws/install/dynamixel_sdk/include//dynamixel_sdk/dynamixel_sdk.h
[5.106s] -- Symlinking: /home/thkim0508/ros2_ws/install/dynamixel_sdk/include//dynamixel_sdk/group_bulk_read.h
[5.118s] -- Symlinking: /home/thkim0508/ros2_ws/install/dynamixel_sdk/include//dynamixel_sdk/group_bulk_write.h
[5.131s] -- Symlinking: /home/thkim0508/ros2_ws/install/dynamixel_sdk/include//dynamixel_sdk/group_fast_bulk_read.h
[5.142s] -- Symlinking: /home/thkim0508/ros2_ws/install/dynamixel_sdk/include//dynamixel_sdk/group_fast_sync_read.h
[5.153s] -- Symlinking: /home/thkim0508/ros2_ws/install/dynamixel_sdk/include//dynamixel_sdk/group_handler.h
[5.165s] -- Symlinking: /home/thkim0508/ros2_ws/install/dynamixel_sdk/include//dynamixel_sdk/group_sync_read.h
[5.176s] -- Symlinking: /home/thkim0508/ros2_ws/install/dynamixel_sdk/include//dynamixel_sdk/group_sync_write.h
[5.186s] -- Symlinking: /home/thkim0508/ros2_ws/install/dynamixel_sdk/include//dynamixel_sdk/packet_handler.h
[5.196s] -- Symlinking: /home/thkim0508/ros2_ws/install/dynamixel_sdk/include//dynamixel_sdk/port_handler.h
[5.207s] -- Symlinking: /home/thkim0508/ros2_ws/install/dynamixel_sdk/include//dynamixel_sdk/port_handler_arduino.h
[5.217s] -- Symlinking: /home/thkim0508/ros2_ws/install/dynamixel_sdk/include//dynamixel_sdk/port_handler_linux.h
[5.227s] -- Symlinking: /home/thkim0508/ros2_ws/install/dynamixel_sdk/include//dynamixel_sdk/port_handler_mac.h
[5.237s] -- Symlinking: /home/thkim0508/ros2_ws/install/dynamixel_sdk/include//dynamixel_sdk/port_handler_windows.h
[5.247s] -- Symlinking: /home/thkim0508/ros2_ws/install/dynamixel_sdk/include//dynamixel_sdk/protocol1_packet_handler.h
[5.258s] -- Symlinking: /home/thkim0508/ros2_ws/install/dynamixel_sdk/include//dynamixel_sdk/protocol2_packet_handler.h
[5.270s] -- Symlinking: /home/thkim0508/ros2_ws/install/dynamixel_sdk/share/dynamixel_sdk/environment/pythonpath.sh
[5.281s] -- Symlinking: /home/thkim0508/ros2_ws/install/dynamixel_sdk/share/dynamixel_sdk/environment/pythonpath.dsv
[5.293s] -- Symlinking: /home/thkim0508/ros2_ws/install/dynamixel_sdk/lib/python3.12/site-packages/dynamixel_sdk-3.8.4-py3.12.egg-info/PKG-INFO
[5.303s] -- Symlinking: /home/thkim0508/ros2_ws/install/dynamixel_sdk/lib/python3.12/site-packages/dynamixel_sdk-3.8.4-py3.12.egg-info/SOURCES.txt
[5.314s] -- Symlinking: /home/thkim0508/ros2_ws/install/dynamixel_sdk/lib/python3.12/site-packages/dynamixel_sdk-3.8.4-py3.12.egg-info/dependency_links.txt
[5.324s] -- Symlinking: /home/thkim0508/ros2_ws/install/dynamixel_sdk/lib/python3.12/site-packages/dynamixel_sdk-3.8.4-py3.12.egg-info/top_level.txt
[5.336s] -- Symlinking: /home/thkim0508/ros2_ws/install/dynamixel_sdk/lib/python3.12/site-packages/dynamixel_sdk/__init__.py
[5.348s] -- Symlinking: /home/thkim0508/ros2_ws/install/dynamixel_sdk/lib/python3.12/site-packages/dynamixel_sdk/group_bulk_read.cpp
[5.359s] -- Symlinking: /home/thkim0508/ros2_ws/install/dynamixel_sdk/lib/python3.12/site-packages/dynamixel_sdk/group_bulk_read.py
[5.369s] -- Symlinking: /home/thkim0508/ros2_ws/install/dynamixel_sdk/lib/python3.12/site-packages/dynamixel_sdk/group_bulk_write.cpp
[5.381s] -- Symlinking: /home/thkim0508/ros2_ws/install/dynamixel_sdk/lib/python3.12/site-packages/dynamixel_sdk/group_bulk_write.py
[5.391s] -- Symlinking: /home/thkim0508/ros2_ws/install/dynamixel_sdk/lib/python3.12/site-packages/dynamixel_sdk/group_fast_bulk_read.cpp
[5.401s] -- Symlinking: /home/thkim0508/ros2_ws/install/dynamixel_sdk/lib/python3.12/site-packages/dynamixel_sdk/group_fast_sync_read.cpp
[5.413s] -- Symlinking: /home/thkim0508/ros2_ws/install/dynamixel_sdk/lib/python3.12/site-packages/dynamixel_sdk/group_handler.cpp
[5.425s] -- Symlinking: /home/thkim0508/ros2_ws/install/dynamixel_sdk/lib/python3.12/site-packages/dynamixel_sdk/group_sync_read.cpp
[5.435s] -- Symlinking: /home/thkim0508/ros2_ws/install/dynamixel_sdk/lib/python3.12/site-packages/dynamixel_sdk/group_sync_read.py
[5.445s] -- Symlinking: /home/thkim0508/ros2_ws/install/dynamixel_sdk/lib/python3.12/site-packages/dynamixel_sdk/group_sync_write.cpp
[5.456s] -- Symlinking: /home/thkim0508/ros2_ws/install/dynamixel_sdk/lib/python3.12/site-packages/dynamixel_sdk/group_sync_write.py
[5.466s] -- Symlinking: /home/thkim0508/ros2_ws/install/dynamixel_sdk/lib/python3.12/site-packages/dynamixel_sdk/packet_handler.cpp
[5.477s] -- Symlinking: /home/thkim0508/ros2_ws/install/dynamixel_sdk/lib/python3.12/site-packages/dynamixel_sdk/packet_handler.py
[5.488s] -- Symlinking: /home/thkim0508/ros2_ws/install/dynamixel_sdk/lib/python3.12/site-packages/dynamixel_sdk/port_handler.cpp
[5.499s] -- Symlinking: /home/thkim0508/ros2_ws/install/dynamixel_sdk/lib/python3.12/site-packages/dynamixel_sdk/port_handler.py
[5.511s] -- Symlinking: /home/thkim0508/ros2_ws/install/dynamixel_sdk/lib/python3.12/site-packages/dynamixel_sdk/port_handler_arduino.cpp
[5.521s] -- Symlinking: /home/thkim0508/ros2_ws/install/dynamixel_sdk/lib/python3.12/site-packages/dynamixel_sdk/port_handler_linux.cpp
[5.533s] -- Symlinking: /home/thkim0508/ros2_ws/install/dynamixel_sdk/lib/python3.12/site-packages/dynamixel_sdk/port_handler_mac.cpp
[5.544s] -- Symlinking: /home/thkim0508/ros2_ws/install/dynamixel_sdk/lib/python3.12/site-packages/dynamixel_sdk/port_handler_windows.cpp
[5.555s] -- Symlinking: /home/thkim0508/ros2_ws/install/dynamixel_sdk/lib/python3.12/site-packages/dynamixel_sdk/protocol1_packet_handler.cpp
[5.566s] -- Symlinking: /home/thkim0508/ros2_ws/install/dynamixel_sdk/lib/python3.12/site-packages/dynamixel_sdk/protocol1_packet_handler.py
[5.578s] -- Symlinking: /home/thkim0508/ros2_ws/install/dynamixel_sdk/lib/python3.12/site-packages/dynamixel_sdk/protocol2_packet_handler.cpp
[5.588s] -- Symlinking: /home/thkim0508/ros2_ws/install/dynamixel_sdk/lib/python3.12/site-packages/dynamixel_sdk/protocol2_packet_handler.py
[5.598s] -- Symlinking: /home/thkim0508/ros2_ws/install/dynamixel_sdk/lib/python3.12/site-packages/dynamixel_sdk/robotis_def.py
[5.609s] -- Symlinking: /home/thkim0508/ros2_ws/install/dynamixel_sdk/share/dynamixel_sdk/environment/library_path.sh
[5.619s] -- Symlinking: /home/thkim0508/ros2_ws/install/dynamixel_sdk/share/dynamixel_sdk/environment/library_path.dsv
[5.632s] -- Symlinking: /home/thkim0508/ros2_ws/install/dynamixel_sdk/share/ament_index/resource_index/package_run_dependencies/dynamixel_sdk
[5.643s] -- Symlinking: /home/thkim0508/ros2_ws/install/dynamixel_sdk/share/ament_index/resource_index/parent_prefix_path/dynamixel_sdk
[5.654s] -- Symlinking: /home/thkim0508/ros2_ws/install/dynamixel_sdk/share/dynamixel_sdk/environment/ament_prefix_path.sh
[5.663s] -- Symlinking: /home/thkim0508/ros2_ws/install/dynamixel_sdk/share/dynamixel_sdk/environment/ament_prefix_path.dsv
[5.673s] -- Symlinking: /home/thkim0508/ros2_ws/install/dynamixel_sdk/share/dynamixel_sdk/environment/path.sh
[5.683s] -- Symlinking: /home/thkim0508/ros2_ws/install/dynamixel_sdk/share/dynamixel_sdk/environment/path.dsv
[5.694s] -- Symlinking: /home/thkim0508/ros2_ws/install/dynamixel_sdk/share/dynamixel_sdk/local_setup.bash
[5.705s] -- Symlinking: /home/thkim0508/ros2_ws/install/dynamixel_sdk/share/dynamixel_sdk/local_setup.sh
[5.715s] -- Symlinking: /home/thkim0508/ros2_ws/install/dynamixel_sdk/share/dynamixel_sdk/local_setup.zsh
[5.727s] -- Symlinking: /home/thkim0508/ros2_ws/install/dynamixel_sdk/share/dynamixel_sdk/local_setup.dsv
[5.741s] -- Symlinking: /home/thkim0508/ros2_ws/install/dynamixel_sdk/share/dynamixel_sdk/package.dsv
[5.753s] -- Symlinking: /home/thkim0508/ros2_ws/install/dynamixel_sdk/share/ament_index/resource_index/packages/dynamixel_sdk
[5.764s] -- Symlinking: /home/thkim0508/ros2_ws/install/dynamixel_sdk/share/dynamixel_sdk/cmake/ament_cmake_export_targets-extras.cmake
[5.776s] -- Symlinking: /home/thkim0508/ros2_ws/install/dynamixel_sdk/share/dynamixel_sdk/cmake/ament_cmake_export_include_directories-extras.cmake
[5.786s] -- Symlinking: /home/thkim0508/ros2_ws/install/dynamixel_sdk/share/dynamixel_sdk/cmake/ament_cmake_export_libraries-extras.cmake
[5.797s] -- Symlinking: /home/thkim0508/ros2_ws/install/dynamixel_sdk/share/dynamixel_sdk/cmake/dynamixel_sdkConfig.cmake
[5.807s] -- Symlinking: /home/thkim0508/ros2_ws/install/dynamixel_sdk/share/dynamixel_sdk/cmake/dynamixel_sdkConfig-version.cmake
[5.818s] -- Symlinking: /home/thkim0508/ros2_ws/install/dynamixel_sdk/share/dynamixel_sdk/package.xml
[5.828s] -- Installing: /home/thkim0508/ros2_ws/install/dynamixel_sdk/lib/libdynamixel_sdk.so
[5.878s] Listing '/home/thkim0508/ros2_ws/install/dynamixel_sdk/lib/python3.12/site-packages/dynamixel_sdk'...
[5.878s] Compiling '/home/thkim0508/ros2_ws/install/dynamixel_sdk/lib/python3.12/site-packages/dynamixel_sdk/__init__.py'...
[5.878s] Compiling '/home/thkim0508/ros2_ws/install/dynamixel_sdk/lib/python3.12/site-packages/dynamixel_sdk/group_bulk_read.py'...
[5.878s] Compiling '/home/thkim0508/ros2_ws/install/dynamixel_sdk/lib/python3.12/site-packages/dynamixel_sdk/group_bulk_write.py'...
[5.878s] Compiling '/home/thkim0508/ros2_ws/install/dynamixel_sdk/lib/python3.12/site-packages/dynamixel_sdk/group_sync_read.py'...
[5.878s] Compiling '/home/thkim0508/ros2_ws/install/dynamixel_sdk/lib/python3.12/site-packages/dynamixel_sdk/group_sync_write.py'...
[5.878s] Compiling '/home/thkim0508/ros2_ws/install/dynamixel_sdk/lib/python3.12/site-packages/dynamixel_sdk/packet_handler.py'...
[5.878s] Compiling '/home/thkim0508/ros2_ws/install/dynamixel_sdk/lib/python3.12/site-packages/dynamixel_sdk/port_handler.py'...
[5.878s] Compiling '/home/thkim0508/ros2_ws/install/dynamixel_sdk/lib/python3.12/site-packages/dynamixel_sdk/protocol1_packet_handler.py'...
[5.878s] Compiling '/home/thkim0508/ros2_ws/install/dynamixel_sdk/lib/python3.12/site-packages/dynamixel_sdk/protocol2_packet_handler.py'...
[5.878s] Compiling '/home/thkim0508/ros2_ws/install/dynamixel_sdk/lib/python3.12/site-packages/dynamixel_sdk/robotis_def.py'...
[5.883s] -- Installing: /home/thkim0508/ros2_ws/install/dynamixel_sdk/share/dynamixel_sdk/cmake/dynamixel_sdkExport.cmake
[5.884s] -- Installing: /home/thkim0508/ros2_ws/install/dynamixel_sdk/share/dynamixel_sdk/cmake/dynamixel_sdkExport-release.cmake
[5.886s] Invoked command in '/home/thkim0508/ros2_ws/build/dynamixel_sdk' returned '0': CMAKE_PREFIX_PATH=${CMAKE_PREFIX_PATH}:/opt/ros/jazzy /usr/bin/cmake --install /home/thkim0508/ros2_ws/build/dynamixel_sdk
