[2.588s] Invoking command in '/home/thkim0508/ros2_ws/build/open_manipulator_bringup': AMENT_PREFIX_PATH=/home/thkim0508/ros2_ws/install/dynamixel_hardware_interface:/home/thkim0508/ros2_ws/install/open_manipulator_description:/home/thkim0508/ros2_ws/install/dynamixel_sdk:/home/thkim0508/ros2_ws/install/dynamixel_interfaces:${AMENT_PREFIX_PATH} CMAKE_PREFIX_PATH=/home/thkim0508/ros2_ws/install/dynamixel_hardware_interface:/home/thkim0508/ros2_ws/install/open_manipulator_description:/home/thkim0508/ros2_ws/install/dynamixel_sdk:/home/thkim0508/ros2_ws/install/dynamixel_interfaces:${CMAKE_PREFIX_PATH} LD_LIBRARY_PATH=/home/thkim0508/ros2_ws/install/dynamixel_hardware_interface/lib:/home/thkim0508/ros2_ws/install/dynamixel_sdk/lib:/home/thkim0508/ros2_ws/install/dynamixel_interfaces/lib:${LD_LIBRARY_PATH} PYTHONPATH=/home/thkim0508/ros2_ws/build/open_manipulator_bringup/prefix_override:/usr/lib/python3/dist-packages/colcon_core/task/python/colcon_distutils_commands:/home/thkim0508/ros2_ws/install/open_manipulator_bringup/lib/python3.12/site-packages:/home/thkim0508/ros2_ws/install/dynamixel_sdk/lib/python3.12/site-packages:/home/thkim0508/ros2_ws/install/dynamixel_interfaces/lib/python3.12/site-packages:${PYTHONPATH} /usr/bin/python3 -W ignore:setup.py install is deprecated -W ignore:easy_install command is deprecated setup.py develop --editable --build-directory /home/thkim0508/ros2_ws/build/open_manipulator_bringup/build --no-deps symlink_data
[2.857s] running develop
[3.037s] running egg_info
[3.037s] creating open_manipulator_bringup.egg-info
[3.058s] writing open_manipulator_bringup.egg-info/PKG-INFO
[3.058s] writing dependency_links to open_manipulator_bringup.egg-info/dependency_links.txt
[3.058s] writing entry points to open_manipulator_bringup.egg-info/entry_points.txt
[3.059s] writing requirements to open_manipulator_bringup.egg-info/requires.txt
[3.059s] writing top-level names to open_manipulator_bringup.egg-info/top_level.txt
[3.059s] writing manifest file 'open_manipulator_bringup.egg-info/SOURCES.txt'
[3.100s] reading manifest file 'open_manipulator_bringup.egg-info/SOURCES.txt'
[3.101s] writing manifest file 'open_manipulator_bringup.egg-info/SOURCES.txt'
[3.120s] running build_ext
[3.121s] Creating /home/thkim0508/ros2_ws/install/open_manipulator_bringup/lib/python3.12/site-packages/open-manipulator-bringup.egg-link (link to .)
[3.121s] Installing joint_trajectory_executor script to /home/thkim0508/ros2_ws/install/open_manipulator_bringup/lib/open_manipulator_bringup
[3.122s] Installing om_create_udev_rules script to /home/thkim0508/ros2_ws/install/open_manipulator_bringup/lib/open_manipulator_bringup
[3.122s] 
[3.122s] Installed /home/thkim0508/ros2_ws/build/open_manipulator_bringup
[3.122s] running symlink_data
[3.122s] creating /home/thkim0508/ros2_ws/install/open_manipulator_bringup/share/ament_index
[3.122s] creating /home/thkim0508/ros2_ws/install/open_manipulator_bringup/share/ament_index/resource_index
[3.123s] creating /home/thkim0508/ros2_ws/install/open_manipulator_bringup/share/ament_index/resource_index/packages
[3.123s] symbolically linking /home/thkim0508/ros2_ws/build/open_manipulator_bringup/resource/open_manipulator_bringup -> /home/thkim0508/ros2_ws/install/open_manipulator_bringup/share/ament_index/resource_index/packages
[3.124s] symbolically linking /home/thkim0508/ros2_ws/build/open_manipulator_bringup/package.xml -> /home/thkim0508/ros2_ws/install/open_manipulator_bringup/share/open_manipulator_bringup
[3.124s] creating /home/thkim0508/ros2_ws/install/open_manipulator_bringup/share/open_manipulator_bringup/launch
[3.125s] symbolically linking /home/thkim0508/ros2_ws/build/open_manipulator_bringup/launch/omy_f3m_leader_ai.launch.py -> /home/thkim0508/ros2_ws/install/open_manipulator_bringup/share/open_manipulator_bringup/launch
[3.125s] symbolically linking /home/thkim0508/ros2_ws/build/open_manipulator_bringup/launch/omy_3m.launch.py -> /home/thkim0508/ros2_ws/install/open_manipulator_bringup/share/open_manipulator_bringup/launch
[3.125s] symbolically linking /home/thkim0508/ros2_ws/build/open_manipulator_bringup/launch/omy_f3m_gazebo.launch.py -> /home/thkim0508/ros2_ws/install/open_manipulator_bringup/share/open_manipulator_bringup/launch
[3.126s] symbolically linking /home/thkim0508/ros2_ws/build/open_manipulator_bringup/launch/omy_3m_gazebo.launch.py -> /home/thkim0508/ros2_ws/install/open_manipulator_bringup/share/open_manipulator_bringup/launch
[3.126s] symbolically linking /home/thkim0508/ros2_ws/build/open_manipulator_bringup/launch/omy_f3m.launch.py -> /home/thkim0508/ros2_ws/install/open_manipulator_bringup/share/open_manipulator_bringup/launch
[3.126s] symbolically linking /home/thkim0508/ros2_ws/build/open_manipulator_bringup/launch/omy_f3m_follower_ai_gazebo.launch.py -> /home/thkim0508/ros2_ws/install/open_manipulator_bringup/share/open_manipulator_bringup/launch
[3.127s] symbolically linking /home/thkim0508/ros2_ws/build/open_manipulator_bringup/launch/omy_l100_follower_ai.launch.py -> /home/thkim0508/ros2_ws/install/open_manipulator_bringup/share/open_manipulator_bringup/launch
[3.127s] symbolically linking /home/thkim0508/ros2_ws/build/open_manipulator_bringup/launch/omy_3m_unpack.launch.py -> /home/thkim0508/ros2_ws/install/open_manipulator_bringup/share/open_manipulator_bringup/launch
[3.128s] symbolically linking /home/thkim0508/ros2_ws/build/open_manipulator_bringup/launch/omx_f_gazebo.launch.py -> /home/thkim0508/ros2_ws/install/open_manipulator_bringup/share/open_manipulator_bringup/launch
[3.128s] symbolically linking /home/thkim0508/ros2_ws/build/open_manipulator_bringup/launch/camera_realsense.launch.py -> /home/thkim0508/ros2_ws/install/open_manipulator_bringup/share/open_manipulator_bringup/launch
[3.128s] symbolically linking /home/thkim0508/ros2_ws/build/open_manipulator_bringup/launch/camera_usb_cam.launch.py -> /home/thkim0508/ros2_ws/install/open_manipulator_bringup/share/open_manipulator_bringup/launch
[3.129s] symbolically linking /home/thkim0508/ros2_ws/build/open_manipulator_bringup/launch/omy_f3m_follower_ai.launch.py -> /home/thkim0508/ros2_ws/install/open_manipulator_bringup/share/open_manipulator_bringup/launch
[3.129s] symbolically linking /home/thkim0508/ros2_ws/build/open_manipulator_bringup/launch/omx_f_follower_ai.launch.py -> /home/thkim0508/ros2_ws/install/open_manipulator_bringup/share/open_manipulator_bringup/launch
[3.130s] symbolically linking /home/thkim0508/ros2_ws/build/open_manipulator_bringup/launch/omy_ai.launch.py -> /home/thkim0508/ros2_ws/install/open_manipulator_bringup/share/open_manipulator_bringup/launch
[3.130s] symbolically linking /home/thkim0508/ros2_ws/build/open_manipulator_bringup/launch/omy_3m_pack.launch.py -> /home/thkim0508/ros2_ws/install/open_manipulator_bringup/share/open_manipulator_bringup/launch
[3.130s] symbolically linking /home/thkim0508/ros2_ws/build/open_manipulator_bringup/launch/omx_f_follower_ai_gazebo.launch.py -> /home/thkim0508/ros2_ws/install/open_manipulator_bringup/share/open_manipulator_bringup/launch
[3.131s] symbolically linking /home/thkim0508/ros2_ws/build/open_manipulator_bringup/launch/open_manipulator_x.launch.py -> /home/thkim0508/ros2_ws/install/open_manipulator_bringup/share/open_manipulator_bringup/launch
[3.131s] symbolically linking /home/thkim0508/ros2_ws/build/open_manipulator_bringup/launch/omy_l100_leader_ai.launch.py -> /home/thkim0508/ros2_ws/install/open_manipulator_bringup/share/open_manipulator_bringup/launch
[3.132s] symbolically linking /home/thkim0508/ros2_ws/build/open_manipulator_bringup/launch/omx_ai.launch.py -> /home/thkim0508/ros2_ws/install/open_manipulator_bringup/share/open_manipulator_bringup/launch
[3.132s] symbolically linking /home/thkim0508/ros2_ws/build/open_manipulator_bringup/launch/open_manipulator_x_gazebo.launch.py -> /home/thkim0508/ros2_ws/install/open_manipulator_bringup/share/open_manipulator_bringup/launch
[3.132s] symbolically linking /home/thkim0508/ros2_ws/build/open_manipulator_bringup/launch/omy_ai_reverse.launch.py -> /home/thkim0508/ros2_ws/install/open_manipulator_bringup/share/open_manipulator_bringup/launch
[3.133s] symbolically linking /home/thkim0508/ros2_ws/build/open_manipulator_bringup/launch/omx_f.launch.py -> /home/thkim0508/ros2_ws/install/open_manipulator_bringup/share/open_manipulator_bringup/launch
[3.133s] symbolically linking /home/thkim0508/ros2_ws/build/open_manipulator_bringup/launch/omx_l_leader_ai.launch.py -> /home/thkim0508/ros2_ws/install/open_manipulator_bringup/share/open_manipulator_bringup/launch
[3.133s] creating /home/thkim0508/ros2_ws/install/open_manipulator_bringup/share/open_manipulator_bringup/config
[3.134s] creating /home/thkim0508/ros2_ws/install/open_manipulator_bringup/share/open_manipulator_bringup/config/open_manipulator_x
[3.134s] symbolically linking /home/thkim0508/ros2_ws/build/open_manipulator_bringup/config/open_manipulator_x/hardware_controller_manager.yaml -> /home/thkim0508/ros2_ws/install/open_manipulator_bringup/share/open_manipulator_bringup/config/open_manipulator_x
[3.135s] symbolically linking /home/thkim0508/ros2_ws/build/open_manipulator_bringup/config/open_manipulator_x/initial_positions.yaml -> /home/thkim0508/ros2_ws/install/open_manipulator_bringup/share/open_manipulator_bringup/config/open_manipulator_x
[3.135s] creating /home/thkim0508/ros2_ws/install/open_manipulator_bringup/share/open_manipulator_bringup/config/omy_3m
[3.135s] symbolically linking /home/thkim0508/ros2_ws/build/open_manipulator_bringup/config/omy_3m/hardware_controller_manager.yaml -> /home/thkim0508/ros2_ws/install/open_manipulator_bringup/share/open_manipulator_bringup/config/omy_3m
[3.136s] symbolically linking /home/thkim0508/ros2_ws/build/open_manipulator_bringup/config/omy_3m/pack_positions.yaml -> /home/thkim0508/ros2_ws/install/open_manipulator_bringup/share/open_manipulator_bringup/config/omy_3m
[3.136s] symbolically linking /home/thkim0508/ros2_ws/build/open_manipulator_bringup/config/omy_3m/initial_positions.yaml -> /home/thkim0508/ros2_ws/install/open_manipulator_bringup/share/open_manipulator_bringup/config/omy_3m
[3.137s] symbolically linking /home/thkim0508/ros2_ws/build/open_manipulator_bringup/config/omy_3m/qc_positions.yaml -> /home/thkim0508/ros2_ws/install/open_manipulator_bringup/share/open_manipulator_bringup/config/omy_3m
[3.137s] creating /home/thkim0508/ros2_ws/install/open_manipulator_bringup/share/open_manipulator_bringup/config/omy_f3m
[3.137s] symbolically linking /home/thkim0508/ros2_ws/build/open_manipulator_bringup/config/omy_f3m/hardware_controller_manager.yaml -> /home/thkim0508/ros2_ws/install/open_manipulator_bringup/share/open_manipulator_bringup/config/omy_f3m
[3.138s] symbolically linking /home/thkim0508/ros2_ws/build/open_manipulator_bringup/config/omy_f3m/initial_positions.yaml -> /home/thkim0508/ros2_ws/install/open_manipulator_bringup/share/open_manipulator_bringup/config/omy_f3m
[3.138s] creating /home/thkim0508/ros2_ws/install/open_manipulator_bringup/share/open_manipulator_bringup/config/omy_f3m_follower_ai
[3.138s] symbolically linking /home/thkim0508/ros2_ws/build/open_manipulator_bringup/config/omy_f3m_follower_ai/hardware_controller_manager.yaml -> /home/thkim0508/ros2_ws/install/open_manipulator_bringup/share/open_manipulator_bringup/config/omy_f3m_follower_ai
[3.139s] symbolically linking /home/thkim0508/ros2_ws/build/open_manipulator_bringup/config/omy_f3m_follower_ai/initial_positions.yaml -> /home/thkim0508/ros2_ws/install/open_manipulator_bringup/share/open_manipulator_bringup/config/omy_f3m_follower_ai
[3.139s] symbolically linking /home/thkim0508/ros2_ws/build/open_manipulator_bringup/config/omy_f3m_follower_ai/qc_positions.yaml -> /home/thkim0508/ros2_ws/install/open_manipulator_bringup/share/open_manipulator_bringup/config/omy_f3m_follower_ai
[3.140s] creating /home/thkim0508/ros2_ws/install/open_manipulator_bringup/share/open_manipulator_bringup/config/omy_f3m_leader_ai
[3.140s] symbolically linking /home/thkim0508/ros2_ws/build/open_manipulator_bringup/config/omy_f3m_leader_ai/hardware_controller_manager.yaml -> /home/thkim0508/ros2_ws/install/open_manipulator_bringup/share/open_manipulator_bringup/config/omy_f3m_leader_ai
[3.141s] creating /home/thkim0508/ros2_ws/install/open_manipulator_bringup/share/open_manipulator_bringup/config/omy_l100_follower_ai
[3.141s] symbolically linking /home/thkim0508/ros2_ws/build/open_manipulator_bringup/config/omy_l100_follower_ai/hardware_controller_manager.yaml -> /home/thkim0508/ros2_ws/install/open_manipulator_bringup/share/open_manipulator_bringup/config/omy_l100_follower_ai
[3.141s] symbolically linking /home/thkim0508/ros2_ws/build/open_manipulator_bringup/config/omy_l100_follower_ai/initial_positions.yaml -> /home/thkim0508/ros2_ws/install/open_manipulator_bringup/share/open_manipulator_bringup/config/omy_l100_follower_ai
[3.142s] creating /home/thkim0508/ros2_ws/install/open_manipulator_bringup/share/open_manipulator_bringup/config/omy_l100_leader_ai
[3.142s] symbolically linking /home/thkim0508/ros2_ws/build/open_manipulator_bringup/config/omy_l100_leader_ai/hardware_controller_manager.yaml -> /home/thkim0508/ros2_ws/install/open_manipulator_bringup/share/open_manipulator_bringup/config/omy_l100_leader_ai
[3.143s] creating /home/thkim0508/ros2_ws/install/open_manipulator_bringup/share/open_manipulator_bringup/config/omx_f
[3.143s] symbolically linking /home/thkim0508/ros2_ws/build/open_manipulator_bringup/config/omx_f/hardware_controller_manager.yaml -> /home/thkim0508/ros2_ws/install/open_manipulator_bringup/share/open_manipulator_bringup/config/omx_f
[3.144s] symbolically linking /home/thkim0508/ros2_ws/build/open_manipulator_bringup/config/omx_f/initial_positions.yaml -> /home/thkim0508/ros2_ws/install/open_manipulator_bringup/share/open_manipulator_bringup/config/omx_f
[3.144s] creating /home/thkim0508/ros2_ws/install/open_manipulator_bringup/share/open_manipulator_bringup/config/omx_f_follower_ai
[3.144s] symbolically linking /home/thkim0508/ros2_ws/build/open_manipulator_bringup/config/omx_f_follower_ai/hardware_controller_manager.yaml -> /home/thkim0508/ros2_ws/install/open_manipulator_bringup/share/open_manipulator_bringup/config/omx_f_follower_ai
[3.145s] symbolically linking /home/thkim0508/ros2_ws/build/open_manipulator_bringup/config/omx_f_follower_ai/initial_positions.yaml -> /home/thkim0508/ros2_ws/install/open_manipulator_bringup/share/open_manipulator_bringup/config/omx_f_follower_ai
[3.145s] creating /home/thkim0508/ros2_ws/install/open_manipulator_bringup/share/open_manipulator_bringup/config/omx_l_leader_ai
[3.145s] symbolically linking /home/thkim0508/ros2_ws/build/open_manipulator_bringup/config/omx_l_leader_ai/hardware_controller_manager.yaml -> /home/thkim0508/ros2_ws/install/open_manipulator_bringup/share/open_manipulator_bringup/config/omx_l_leader_ai
[3.146s] creating /home/thkim0508/ros2_ws/install/open_manipulator_bringup/share/open_manipulator_bringup/worlds
[3.146s] symbolically linking /home/thkim0508/ros2_ws/build/open_manipulator_bringup/worlds/empty_world.sdf -> /home/thkim0508/ros2_ws/install/open_manipulator_bringup/share/open_manipulator_bringup/worlds
[3.147s] symbolically linking /home/thkim0508/ros2_ws/build/open_manipulator_bringup/open-manipulator-cdc.rules -> /home/thkim0508/ros2_ws/install/open_manipulator_bringup/share/open_manipulator_bringup
[3.171s] Invoked command in '/home/thkim0508/ros2_ws/build/open_manipulator_bringup' returned '0': AMENT_PREFIX_PATH=/home/thkim0508/ros2_ws/install/dynamixel_hardware_interface:/home/thkim0508/ros2_ws/install/open_manipulator_description:/home/thkim0508/ros2_ws/install/dynamixel_sdk:/home/thkim0508/ros2_ws/install/dynamixel_interfaces:${AMENT_PREFIX_PATH} CMAKE_PREFIX_PATH=/home/thkim0508/ros2_ws/install/dynamixel_hardware_interface:/home/thkim0508/ros2_ws/install/open_manipulator_description:/home/thkim0508/ros2_ws/install/dynamixel_sdk:/home/thkim0508/ros2_ws/install/dynamixel_interfaces:${CMAKE_PREFIX_PATH} LD_LIBRARY_PATH=/home/thkim0508/ros2_ws/install/dynamixel_hardware_interface/lib:/home/thkim0508/ros2_ws/install/dynamixel_sdk/lib:/home/thkim0508/ros2_ws/install/dynamixel_interfaces/lib:${LD_LIBRARY_PATH} PYTHONPATH=/home/thkim0508/ros2_ws/build/open_manipulator_bringup/prefix_override:/usr/lib/python3/dist-packages/colcon_core/task/python/colcon_distutils_commands:/home/thkim0508/ros2_ws/install/open_manipulator_bringup/lib/python3.12/site-packages:/home/thkim0508/ros2_ws/install/dynamixel_sdk/lib/python3.12/site-packages:/home/thkim0508/ros2_ws/install/dynamixel_interfaces/lib/python3.12/site-packages:${PYTHONPATH} /usr/bin/python3 -W ignore:setup.py install is deprecated -W ignore:easy_install command is deprecated setup.py develop --editable --build-directory /home/thkim0508/ros2_ws/build/open_manipulator_bringup/build --no-deps symlink_data
