[1.138s] Invoking command in '/home/thkim0508/ros2_ws/build/dynamixel_sdk_examples': AMENT_PREFIX_PATH=/home/thkim0508/ros2_ws/install/dynamixel_sdk_custom_interfaces:/home/thkim0508/ros2_ws/install/dynamixel_sdk:${AMENT_PREFIX_PATH} CMAKE_PREFIX_PATH=/home/thkim0508/ros2_ws/install/dynamixel_sdk_custom_interfaces:/home/thkim0508/ros2_ws/install/dynamixel_sdk:/opt/ros/jazzy/opt/gz_math_vendor:/opt/ros/jazzy/opt/gz_utils_vendor:/opt/ros/jazzy/opt/gz_cmake_vendor:/opt/ros/jazzy LD_LIBRARY_PATH=/home/thkim0508/ros2_ws/install/dynamixel_sdk_custom_interfaces/lib:/home/thkim0508/ros2_ws/install/dynamixel_sdk/lib:${LD_LIBRARY_PATH} PYTHONPATH=/home/thkim0508/ros2_ws/install/dynamixel_sdk_custom_interfaces/lib/python3.12/site-packages:/home/thkim0508/ros2_ws/install/dynamixel_sdk/lib/python3.12/site-packages:${PYTHONPATH} /usr/bin/cmake /home/thkim0508/ros2_ws/src/DynamixelSDK/ros/dynamixel_sdk_examples -DCMAKE_BUILD_TYPE=Release -DAMENT_CMAKE_SYMLINK_INSTALL=1 -DCMAKE_INSTALL_PREFIX=/home/thkim0508/ros2_ws/install/dynamixel_sdk_examples
[1.689s] -- The C compiler identification is GNU 13.3.0
[3.652s] -- The CXX compiler identification is GNU 13.3.0
[5.905s] -- Detecting C compiler ABI info
[7.384s] -- Detecting C compiler ABI info - done
[7.405s] -- Check for working C compiler: /usr/bin/cc - skipped
[7.406s] -- Detecting C compile features
[7.406s] -- Detecting C compile features - done
[7.870s] -- Detecting CXX compiler ABI info
[9.252s] -- Detecting CXX compiler ABI info - done
[9.269s] -- Check for working CXX compiler: /usr/bin/c++ - skipped
[9.270s] -- Detecting CXX compile features
[9.270s] -- Detecting CXX compile features - done
[9.276s] -- Found ament_cmake: 2.5.4 (/opt/ros/jazzy/share/ament_cmake/cmake)
[9.628s] -- Found Python3: /usr/bin/python3 (found version "3.12.3") found components: Interpreter 
[9.813s] -- Override CMake install command with custom implementation using symlinks instead of copying resources
[9.895s] -- Found dynamixel_sdk: 3.8.4 (/home/thkim0508/ros2_ws/install/dynamixel_sdk/share/dynamixel_sdk/cmake)
[9.902s] -- Found dynamixel_sdk_custom_interfaces: 3.8.4 (/home/thkim0508/ros2_ws/install/dynamixel_sdk_custom_interfaces/share/dynamixel_sdk_custom_interfaces/cmake)
[10.490s] -- Found rosidl_generator_c: 4.6.6 (/opt/ros/jazzy/share/rosidl_generator_c/cmake)
[10.520s] -- Found rosidl_generator_cpp: 4.6.6 (/opt/ros/jazzy/share/rosidl_generator_cpp/cmake)
[10.552s] -- Using all available rosidl_typesupport_c: rosidl_typesupport_fastrtps_c;rosidl_typesupport_introspection_c
[10.574s] -- Using all available rosidl_typesupport_cpp: rosidl_typesupport_fastrtps_cpp;rosidl_typesupport_introspection_cpp
[10.657s] -- Found rclcpp: 28.1.13 (/opt/ros/jazzy/share/rclcpp/cmake)
[10.735s] -- Found rmw_implementation_cmake: 7.3.2 (/opt/ros/jazzy/share/rmw_implementation_cmake/cmake)
[10.740s] -- Found rmw_fastrtps_cpp: 8.4.3 (/opt/ros/jazzy/share/rmw_fastrtps_cpp/cmake)
[10.900s] -- Found OpenSSL: /usr/lib/x86_64-linux-gnu/libcrypto.so (found version "3.0.13")  
[11.375s] -- Found FastRTPS: /opt/ros/jazzy/include (Required is at least version "2.13") 
[11.648s] -- Using RMW implementation 'rmw_fastrtps_cpp' as default
[12.054s] -- Found rclpy: 7.1.6 (/opt/ros/jazzy/share/rclpy/cmake)
[12.058s] -- Found ament_lint_auto: 0.17.3 (/opt/ros/jazzy/share/ament_lint_auto/cmake)
[12.215s] -- Added test 'copyright' to check source files copyright and LICENSE
[12.218s] -- Added test 'cppcheck' to perform static code analysis on C / C++ code
[12.219s] -- Configured cppcheck include dirs: /home/thkim0508/ros2_ws/src/DynamixelSDK/ros/dynamixel_sdk_examples/include
[12.219s] -- Configured cppcheck exclude dirs and/or files: 
[12.221s] -- Added test 'cpplint' to check C / C++ code against the Google style
[12.221s] -- Configured cpplint exclude dirs and/or files: 
[12.223s] -- Added test 'flake8' to check Python code syntax and style conventions
[12.223s] -- Configured 'flake8' exclude dirs and/or files: 
[12.225s] -- Added test 'lint_cmake' to check CMake code style
[12.227s] -- Added test 'pep257' to check Python code against some of the docstring style conventions in PEP 257
[12.229s] -- Added test 'uncrustify' to check C / C++ code style
[12.229s] -- Configured uncrustify additional arguments: 
[12.231s] -- Added test 'xmllint' to check XML markup files
[12.233s] -- Configuring done (11.1s)
[12.256s] -- Generating done (0.0s)
[12.263s] -- Build files have been written to: /home/thkim0508/ros2_ws/build/dynamixel_sdk_examples
[12.281s] Invoked command in '/home/thkim0508/ros2_ws/build/dynamixel_sdk_examples' returned '0': AMENT_PREFIX_PATH=/home/thkim0508/ros2_ws/install/dynamixel_sdk_custom_interfaces:/home/thkim0508/ros2_ws/install/dynamixel_sdk:${AMENT_PREFIX_PATH} CMAKE_PREFIX_PATH=/home/thkim0508/ros2_ws/install/dynamixel_sdk_custom_interfaces:/home/thkim0508/ros2_ws/install/dynamixel_sdk:/opt/ros/jazzy/opt/gz_math_vendor:/opt/ros/jazzy/opt/gz_utils_vendor:/opt/ros/jazzy/opt/gz_cmake_vendor:/opt/ros/jazzy LD_LIBRARY_PATH=/home/thkim0508/ros2_ws/install/dynamixel_sdk_custom_interfaces/lib:/home/thkim0508/ros2_ws/install/dynamixel_sdk/lib:${LD_LIBRARY_PATH} PYTHONPATH=/home/thkim0508/ros2_ws/install/dynamixel_sdk_custom_interfaces/lib/python3.12/site-packages:/home/thkim0508/ros2_ws/install/dynamixel_sdk/lib/python3.12/site-packages:${PYTHONPATH} /usr/bin/cmake /home/thkim0508/ros2_ws/src/DynamixelSDK/ros/dynamixel_sdk_examples -DCMAKE_BUILD_TYPE=Release -DAMENT_CMAKE_SYMLINK_INSTALL=1 -DCMAKE_INSTALL_PREFIX=/home/thkim0508/ros2_ws/install/dynamixel_sdk_examples
[12.282s] Invoking command in '/home/thkim0508/ros2_ws/build/dynamixel_sdk_examples': AMENT_PREFIX_PATH=/home/thkim0508/ros2_ws/install/dynamixel_sdk_custom_interfaces:/home/thkim0508/ros2_ws/install/dynamixel_sdk:${AMENT_PREFIX_PATH} CMAKE_PREFIX_PATH=/home/thkim0508/ros2_ws/install/dynamixel_sdk_custom_interfaces:/home/thkim0508/ros2_ws/install/dynamixel_sdk:/opt/ros/jazzy/opt/gz_math_vendor:/opt/ros/jazzy/opt/gz_utils_vendor:/opt/ros/jazzy/opt/gz_cmake_vendor:/opt/ros/jazzy LD_LIBRARY_PATH=/home/thkim0508/ros2_ws/install/dynamixel_sdk_custom_interfaces/lib:/home/thkim0508/ros2_ws/install/dynamixel_sdk/lib:${LD_LIBRARY_PATH} PYTHONPATH=/home/thkim0508/ros2_ws/install/dynamixel_sdk_custom_interfaces/lib/python3.12/site-packages:/home/thkim0508/ros2_ws/install/dynamixel_sdk/lib/python3.12/site-packages:${PYTHONPATH} /usr/bin/cmake --build /home/thkim0508/ros2_ws/build/dynamixel_sdk_examples -- -j24 -l24
[12.367s] [ 50%] [32mBuilding CXX object CMakeFiles/read_write_node.dir/src/read_write_node.cpp.o[0m
[22.733s] [100%] [32m[1mLinking CXX executable read_write_node[0m
[23.077s] [100%] Built target read_write_node
[23.090s] Invoked command in '/home/thkim0508/ros2_ws/build/dynamixel_sdk_examples' returned '0': AMENT_PREFIX_PATH=/home/thkim0508/ros2_ws/install/dynamixel_sdk_custom_interfaces:/home/thkim0508/ros2_ws/install/dynamixel_sdk:${AMENT_PREFIX_PATH} CMAKE_PREFIX_PATH=/home/thkim0508/ros2_ws/install/dynamixel_sdk_custom_interfaces:/home/thkim0508/ros2_ws/install/dynamixel_sdk:/opt/ros/jazzy/opt/gz_math_vendor:/opt/ros/jazzy/opt/gz_utils_vendor:/opt/ros/jazzy/opt/gz_cmake_vendor:/opt/ros/jazzy LD_LIBRARY_PATH=/home/thkim0508/ros2_ws/install/dynamixel_sdk_custom_interfaces/lib:/home/thkim0508/ros2_ws/install/dynamixel_sdk/lib:${LD_LIBRARY_PATH} PYTHONPATH=/home/thkim0508/ros2_ws/install/dynamixel_sdk_custom_interfaces/lib/python3.12/site-packages:/home/thkim0508/ros2_ws/install/dynamixel_sdk/lib/python3.12/site-packages:${PYTHONPATH} /usr/bin/cmake --build /home/thkim0508/ros2_ws/build/dynamixel_sdk_examples -- -j24 -l24
[23.091s] Invoking command in '/home/thkim0508/ros2_ws/build/dynamixel_sdk_examples': AMENT_PREFIX_PATH=/home/thkim0508/ros2_ws/install/dynamixel_sdk_custom_interfaces:/home/thkim0508/ros2_ws/install/dynamixel_sdk:${AMENT_PREFIX_PATH} CMAKE_PREFIX_PATH=/home/thkim0508/ros2_ws/install/dynamixel_sdk_custom_interfaces:/home/thkim0508/ros2_ws/install/dynamixel_sdk:/opt/ros/jazzy/opt/gz_math_vendor:/opt/ros/jazzy/opt/gz_utils_vendor:/opt/ros/jazzy/opt/gz_cmake_vendor:/opt/ros/jazzy LD_LIBRARY_PATH=/home/thkim0508/ros2_ws/install/dynamixel_sdk_custom_interfaces/lib:/home/thkim0508/ros2_ws/install/dynamixel_sdk/lib:${LD_LIBRARY_PATH} PYTHONPATH=/home/thkim0508/ros2_ws/install/dynamixel_sdk_custom_interfaces/lib/python3.12/site-packages:/home/thkim0508/ros2_ws/install/dynamixel_sdk/lib/python3.12/site-packages:${PYTHONPATH} /usr/bin/cmake --install /home/thkim0508/ros2_ws/build/dynamixel_sdk_examples
[23.100s] -- Install configuration: "Release"
[23.101s] -- Execute custom install script
[23.102s] -- Symlinking: /home/thkim0508/ros2_ws/install/dynamixel_sdk_examples/lib/dynamixel_sdk_examples/read_write_node
[23.113s] -- Symlinking: /home/thkim0508/ros2_ws/install/dynamixel_sdk_examples/lib/dynamixel_sdk_examples/read_write_node.py
[23.126s] -- Symlinking: /home/thkim0508/ros2_ws/install/dynamixel_sdk_examples/share/ament_index/resource_index/package_run_dependencies/dynamixel_sdk_examples
[23.137s] -- Symlinking: /home/thkim0508/ros2_ws/install/dynamixel_sdk_examples/share/ament_index/resource_index/parent_prefix_path/dynamixel_sdk_examples
[23.148s] -- Symlinking: /home/thkim0508/ros2_ws/install/dynamixel_sdk_examples/share/dynamixel_sdk_examples/environment/ament_prefix_path.sh
[23.159s] -- Symlinking: /home/thkim0508/ros2_ws/install/dynamixel_sdk_examples/share/dynamixel_sdk_examples/environment/ament_prefix_path.dsv
[23.169s] -- Symlinking: /home/thkim0508/ros2_ws/install/dynamixel_sdk_examples/share/dynamixel_sdk_examples/environment/path.sh
[23.180s] -- Symlinking: /home/thkim0508/ros2_ws/install/dynamixel_sdk_examples/share/dynamixel_sdk_examples/environment/path.dsv
[23.190s] -- Symlinking: /home/thkim0508/ros2_ws/install/dynamixel_sdk_examples/share/dynamixel_sdk_examples/local_setup.bash
[23.200s] -- Symlinking: /home/thkim0508/ros2_ws/install/dynamixel_sdk_examples/share/dynamixel_sdk_examples/local_setup.sh
[23.211s] -- Symlinking: /home/thkim0508/ros2_ws/install/dynamixel_sdk_examples/share/dynamixel_sdk_examples/local_setup.zsh
[23.222s] -- Symlinking: /home/thkim0508/ros2_ws/install/dynamixel_sdk_examples/share/dynamixel_sdk_examples/local_setup.dsv
[23.234s] -- Symlinking: /home/thkim0508/ros2_ws/install/dynamixel_sdk_examples/share/dynamixel_sdk_examples/package.dsv
[23.249s] -- Symlinking: /home/thkim0508/ros2_ws/install/dynamixel_sdk_examples/share/ament_index/resource_index/packages/dynamixel_sdk_examples
[23.264s] -- Symlinking: /home/thkim0508/ros2_ws/install/dynamixel_sdk_examples/share/dynamixel_sdk_examples/cmake/dynamixel_sdk_examplesConfig.cmake
[23.278s] -- Symlinking: /home/thkim0508/ros2_ws/install/dynamixel_sdk_examples/share/dynamixel_sdk_examples/cmake/dynamixel_sdk_examplesConfig-version.cmake
[23.293s] -- Symlinking: /home/thkim0508/ros2_ws/install/dynamixel_sdk_examples/share/dynamixel_sdk_examples/package.xml
[23.310s] Invoked command in '/home/thkim0508/ros2_ws/build/dynamixel_sdk_examples' returned '0': AMENT_PREFIX_PATH=/home/thkim0508/ros2_ws/install/dynamixel_sdk_custom_interfaces:/home/thkim0508/ros2_ws/install/dynamixel_sdk:${AMENT_PREFIX_PATH} CMAKE_PREFIX_PATH=/home/thkim0508/ros2_ws/install/dynamixel_sdk_custom_interfaces:/home/thkim0508/ros2_ws/install/dynamixel_sdk:/opt/ros/jazzy/opt/gz_math_vendor:/opt/ros/jazzy/opt/gz_utils_vendor:/opt/ros/jazzy/opt/gz_cmake_vendor:/opt/ros/jazzy LD_LIBRARY_PATH=/home/thkim0508/ros2_ws/install/dynamixel_sdk_custom_interfaces/lib:/home/thkim0508/ros2_ws/install/dynamixel_sdk/lib:${LD_LIBRARY_PATH} PYTHONPATH=/home/thkim0508/ros2_ws/install/dynamixel_sdk_custom_interfaces/lib/python3.12/site-packages:/home/thkim0508/ros2_ws/install/dynamixel_sdk/lib/python3.12/site-packages:${PYTHONPATH} /usr/bin/cmake --install /home/thkim0508/ros2_ws/build/dynamixel_sdk_examples
